ERROR - 2023-07-18 04:18:18 --> mysqli_sql_exception: Incorrect table definition; there can be only one auto column and it must be defined as a key in E:\Data D\Ngamen\submission\system\Database\MySQLi\Connection.php:295
Stack trace:
#0 E:\Data D\Ngamen\submission\system\Database\MySQLi\Connection.php(295): mysqli->query('CREATE TABLE `u...', 0)
#1 E:\Data D\Ngamen\submission\system\Database\BaseConnection.php(692): CodeIgniter\Database\MySQLi\Connection->execute('CREATE TABLE `u...')
#2 E:\Data D\Ngamen\submission\system\Database\BaseConnection.php(606): CodeIgniter\Database\BaseConnection->simpleQuery('CREATE TABLE `u...')
#3 E:\Data D\Ngamen\submission\system\Database\Forge.php(546): CodeIgniter\Database\BaseConnection->query('CREATE TABLE `u...')
#4 E:\Data D\Ngamen\submission\app\Database\Migrations\2023-07-18-041041_UserMigration.php(41): CodeIgniter\Database\Forge->createTable('users')
#5 E:\Data D\Ngamen\submission\system\Database\MigrationRunner.php(877): App\Database\Migrations\UserMigration->up()
#6 E:\Data D\Ngamen\submission\system\Database\MigrationRunner.php(188): CodeIgniter\Database\MigrationRunner->migrate('up', Object(stdClass))
#7 E:\Data D\Ngamen\submission\system\Commands\Database\Migrate.php(84): CodeIgniter\Database\MigrationRunner->latest(NULL)
#8 E:\Data D\Ngamen\submission\system\CLI\Commands.php(65): CodeIgniter\Commands\Database\Migrate->run(Array)
#9 E:\Data D\Ngamen\submission\system\CLI\Console.php(37): CodeIgniter\CLI\Commands->run('migrate', Array)
#10 E:\Data D\Ngamen\submission\spark(97): CodeIgniter\CLI\Console->run()
#11 {main}
ERROR - 2023-07-18 04:18:51 --> mysqli_sql_exception: Incorrect table definition; there can be only one auto column and it must be defined as a key in E:\Data D\Ngamen\submission\system\Database\MySQLi\Connection.php:295
Stack trace:
#0 E:\Data D\Ngamen\submission\system\Database\MySQLi\Connection.php(295): mysqli->query('CREATE TABLE `u...', 0)
#1 E:\Data D\Ngamen\submission\system\Database\BaseConnection.php(692): CodeIgniter\Database\MySQLi\Connection->execute('CREATE TABLE `u...')
#2 E:\Data D\Ngamen\submission\system\Database\BaseConnection.php(606): CodeIgniter\Database\BaseConnection->simpleQuery('CREATE TABLE `u...')
#3 E:\Data D\Ngamen\submission\system\Database\Forge.php(546): CodeIgniter\Database\BaseConnection->query('CREATE TABLE `u...')
#4 E:\Data D\Ngamen\submission\app\Database\Migrations\2023-07-18-041041_UserMigration.php(41): CodeIgniter\Database\Forge->createTable('users')
#5 E:\Data D\Ngamen\submission\system\Database\MigrationRunner.php(877): App\Database\Migrations\UserMigration->up()
#6 E:\Data D\Ngamen\submission\system\Database\MigrationRunner.php(188): CodeIgniter\Database\MigrationRunner->migrate('up', Object(stdClass))
#7 E:\Data D\Ngamen\submission\system\Commands\Database\Migrate.php(84): CodeIgniter\Database\MigrationRunner->latest(NULL)
#8 E:\Data D\Ngamen\submission\system\CLI\Commands.php(65): CodeIgniter\Commands\Database\Migrate->run(Array)
#9 E:\Data D\Ngamen\submission\system\CLI\Console.php(37): CodeIgniter\CLI\Commands->run('migrate', Array)
#10 E:\Data D\Ngamen\submission\spark(97): CodeIgniter\CLI\Console->run()
#11 {main}
CRITICAL - 2023-07-18 04:28:15 --> Undefined variable $title
in APPPATH\Views\_header.php on line 5.
 1 APPPATH\Views\_header.php(5): CodeIgniter\Debug\Exceptions->errorHandler(2, 'Undefined variable $title', 'E:\\Data D\\Ngamen\\submission\\app\\Views\\_header.php', 5)
 2 SYSTEMPATH\View\View.php(224): include('E:\\Data D\\Ngamen\\submission\\app\\Views\\_header.php')
 3 SYSTEMPATH\View\View.php(227): CodeIgniter\View\View->CodeIgniter\View\{closure}()
 4 SYSTEMPATH\View\View.php(452): CodeIgniter\View\View->render('_header', null, true)
 5 APPPATH\Views\content\User.php(1): CodeIgniter\View\View->include('_header')
 6 SYSTEMPATH\View\View.php(224): include('E:\\Data D\\Ngamen\\submission\\app\\Views\\content\\User.php')
 7 SYSTEMPATH\View\View.php(227): CodeIgniter\View\View->CodeIgniter\View\{closure}()
 8 SYSTEMPATH\Common.php(1180): CodeIgniter\View\View->render('content/user', [], true)
 9 APPPATH\Controllers\UserController.php(11): view('content/user')
10 SYSTEMPATH\CodeIgniter.php(932): App\Controllers\UserController->index()
11 SYSTEMPATH\CodeIgniter.php(497): CodeIgniter\CodeIgniter->runController(Object(App\Controllers\UserController))
12 SYSTEMPATH\CodeIgniter.php(366): CodeIgniter\CodeIgniter->handleRequest(null, Object(Config\Cache), false)
13 FCPATH\index.php(67): CodeIgniter\CodeIgniter->run()
14 SYSTEMPATH\Commands\Server\rewrite.php(47): require_once('E:\\Data D\\Ngamen\\submission\\public\\index.php')
CRITICAL - 2023-07-18 04:29:55 --> Call to undefined function App\Controllers\css()
in APPPATH\Controllers\UserController.php on line 14.
 1 SYSTEMPATH\CodeIgniter.php(932): App\Controllers\UserController->index()
 2 SYSTEMPATH\CodeIgniter.php(497): CodeIgniter\CodeIgniter->runController(Object(App\Controllers\UserController))
 3 SYSTEMPATH\CodeIgniter.php(366): CodeIgniter\CodeIgniter->handleRequest(null, Object(Config\Cache), false)
 4 FCPATH\index.php(67): CodeIgniter\CodeIgniter->run()
 5 SYSTEMPATH\Commands\Server\rewrite.php(47): require_once('E:\\Data D\\Ngamen\\submission\\public\\index.php')
CRITICAL - 2023-07-18 04:30:30 --> Undefined variable $title
in APPPATH\Views\_header.php on line 5.
 1 APPPATH\Views\_header.php(5): CodeIgniter\Debug\Exceptions->errorHandler(2, 'Undefined variable $title', 'E:\\Data D\\Ngamen\\submission\\app\\Views\\_header.php', 5)
 2 SYSTEMPATH\View\View.php(224): include('E:\\Data D\\Ngamen\\submission\\app\\Views\\_header.php')
 3 SYSTEMPATH\View\View.php(227): CodeIgniter\View\View->CodeIgniter\View\{closure}()
 4 SYSTEMPATH\View\View.php(452): CodeIgniter\View\View->render('_header', null, true)
 5 APPPATH\Views\content\User.php(1): CodeIgniter\View\View->include('_header')
 6 SYSTEMPATH\View\View.php(224): include('E:\\Data D\\Ngamen\\submission\\app\\Views\\content\\User.php')
 7 SYSTEMPATH\View\View.php(227): CodeIgniter\View\View->CodeIgniter\View\{closure}()
 8 SYSTEMPATH\Common.php(1180): CodeIgniter\View\View->render('content/user', [], true)
 9 APPPATH\Controllers\UserController.php(34): view('content/user')
10 SYSTEMPATH\CodeIgniter.php(932): App\Controllers\UserController->index()
11 SYSTEMPATH\CodeIgniter.php(497): CodeIgniter\CodeIgniter->runController(Object(App\Controllers\UserController))
12 SYSTEMPATH\CodeIgniter.php(366): CodeIgniter\CodeIgniter->handleRequest(null, Object(Config\Cache), false)
13 FCPATH\index.php(67): CodeIgniter\CodeIgniter->run()
14 SYSTEMPATH\Commands\Server\rewrite.php(47): require_once('E:\\Data D\\Ngamen\\submission\\public\\index.php')
CRITICAL - 2023-07-18 04:52:05 --> Undefined variable $pemasukan
in APPPATH\Controllers\UserController.php on line 62.
 1 APPPATH\Controllers\UserController.php(62): CodeIgniter\Debug\Exceptions->errorHandler(2, 'Undefined variable $pemasukan', 'E:\\Data D\\Ngamen\\submission\\app\\Controllers\\UserController.php', 62)
 2 SYSTEMPATH\CodeIgniter.php(932): App\Controllers\UserController->save()
 3 SYSTEMPATH\CodeIgniter.php(497): CodeIgniter\CodeIgniter->runController(Object(App\Controllers\UserController))
 4 SYSTEMPATH\CodeIgniter.php(366): CodeIgniter\CodeIgniter->handleRequest(null, Object(Config\Cache), false)
 5 FCPATH\index.php(67): CodeIgniter\CodeIgniter->run()
 6 SYSTEMPATH\Commands\Server\rewrite.php(47): require_once('E:\\Data D\\Ngamen\\submission\\public\\index.php')
CRITICAL - 2023-07-18 04:59:06 --> Undefined variable $kata
in APPPATH\Helpers\core_helper.php on line 48.
 1 APPPATH\Helpers\core_helper.php(48): CodeIgniter\Debug\Exceptions->errorHandler(2, 'Undefined variable $kata', 'E:\\Data D\\Ngamen\\submission\\app\\Helpers\\core_helper.php', 48)
 2 APPPATH\Controllers\UserController.php(58): fetchData('sdsd 25 tahun aceh')
 3 SYSTEMPATH\CodeIgniter.php(932): App\Controllers\UserController->save()
 4 SYSTEMPATH\CodeIgniter.php(497): CodeIgniter\CodeIgniter->runController(Object(App\Controllers\UserController))
 5 SYSTEMPATH\CodeIgniter.php(366): CodeIgniter\CodeIgniter->handleRequest(null, Object(Config\Cache), false)
 6 FCPATH\index.php(67): CodeIgniter\CodeIgniter->run()
 7 SYSTEMPATH\Commands\Server\rewrite.php(47): require_once('E:\\Data D\\Ngamen\\submission\\public\\index.php')
CRITICAL - 2023-07-18 04:59:16 --> Undefined variable $pemasukan
in APPPATH\Controllers\UserController.php on line 63.
 1 APPPATH\Controllers\UserController.php(63): CodeIgniter\Debug\Exceptions->errorHandler(2, 'Undefined variable $pemasukan', 'E:\\Data D\\Ngamen\\submission\\app\\Controllers\\UserController.php', 63)
 2 SYSTEMPATH\CodeIgniter.php(932): App\Controllers\UserController->save()
 3 SYSTEMPATH\CodeIgniter.php(497): CodeIgniter\CodeIgniter->runController(Object(App\Controllers\UserController))
 4 SYSTEMPATH\CodeIgniter.php(366): CodeIgniter\CodeIgniter->handleRequest(null, Object(Config\Cache), false)
 5 FCPATH\index.php(67): CodeIgniter\CodeIgniter->run()
 6 SYSTEMPATH\Commands\Server\rewrite.php(47): require_once('E:\\Data D\\Ngamen\\submission\\public\\index.php')
ERROR - 2023-07-18 05:07:30 --> mysqli_sql_exception: Unknown column 'updated_at' in 'field list' in E:\Data D\Ngamen\submission\system\Database\MySQLi\Connection.php:295
Stack trace:
#0 E:\Data D\Ngamen\submission\system\Database\MySQLi\Connection.php(295): mysqli->query('INSERT INTO `us...', 0)
#1 E:\Data D\Ngamen\submission\system\Database\BaseConnection.php(692): CodeIgniter\Database\MySQLi\Connection->execute('INSERT INTO `us...')
#2 E:\Data D\Ngamen\submission\system\Database\BaseConnection.php(606): CodeIgniter\Database\BaseConnection->simpleQuery('INSERT INTO `us...')
#3 E:\Data D\Ngamen\submission\system\Database\BaseBuilder.php(2309): CodeIgniter\Database\BaseConnection->query('INSERT INTO `us...', Array, false)
#4 E:\Data D\Ngamen\submission\system\Model.php(330): CodeIgniter\Database\BaseBuilder->insert()
#5 E:\Data D\Ngamen\submission\system\BaseModel.php(782): CodeIgniter\Model->doInsert(Array)
#6 E:\Data D\Ngamen\submission\system\Model.php(730): CodeIgniter\BaseModel->insert(Array, true)
#7 E:\Data D\Ngamen\submission\app\Controllers\UserController.php(70): CodeIgniter\Model->insert(Array)
#8 E:\Data D\Ngamen\submission\system\CodeIgniter.php(932): App\Controllers\UserController->save()
#9 E:\Data D\Ngamen\submission\system\CodeIgniter.php(497): CodeIgniter\CodeIgniter->runController(Object(App\Controllers\UserController))
#10 E:\Data D\Ngamen\submission\system\CodeIgniter.php(366): CodeIgniter\CodeIgniter->handleRequest(NULL, Object(Config\Cache), false)
#11 E:\Data D\Ngamen\submission\public\index.php(67): CodeIgniter\CodeIgniter->run()
#12 E:\Data D\Ngamen\submission\system\Commands\Server\rewrite.php(47): require_once('E:\\Data D\\Ngame...')
#13 {main}
CRITICAL - 2023-07-18 05:07:30 --> Unknown column 'updated_at' in 'field list'
in SYSTEMPATH\Database\MySQLi\Connection.php on line 295.
 1 SYSTEMPATH\Database\MySQLi\Connection.php(295): mysqli->query('INSERT INTO `users` (`name`, `age`, `city`, `created_at`, `updated_at`) VALUES (NULL, \'eh\', \'25\', \'2023-07-18 05:07:30\', \'2023-07-18 05:07:30\')', 0)
 2 SYSTEMPATH\Database\BaseConnection.php(692): CodeIgniter\Database\MySQLi\Connection->execute('INSERT INTO `users` (`name`, `age`, `city`, `created_at`, `updated_at`) VALUES (NULL, \'eh\', \'25\', \'2023-07-18 05:07:30\', \'2023-07-18 05:07:30\')')
 3 SYSTEMPATH\Database\BaseConnection.php(606): CodeIgniter\Database\BaseConnection->simpleQuery('INSERT INTO `users` (`name`, `age`, `city`, `created_at`, `updated_at`) VALUES (NULL, \'eh\', \'25\', \'2023-07-18 05:07:30\', \'2023-07-18 05:07:30\')')
 4 SYSTEMPATH\Database\BaseBuilder.php(2309): CodeIgniter\Database\BaseConnection->query('INSERT INTO `users` (`name`, `age`, `city`, `created_at`, `updated_at`) VALUES (:name:, :age:, :city:, :created_at:, :updated_at:)', [...], false)
 5 SYSTEMPATH\Model.php(330): CodeIgniter\Database\BaseBuilder->insert()
 6 SYSTEMPATH\BaseModel.php(782): CodeIgniter\Model->doInsert([...])
 7 SYSTEMPATH\Model.php(730): CodeIgniter\BaseModel->insert([...], true)
 8 APPPATH\Controllers\UserController.php(70): CodeIgniter\Model->insert([...])
 9 SYSTEMPATH\CodeIgniter.php(932): App\Controllers\UserController->save()
10 SYSTEMPATH\CodeIgniter.php(497): CodeIgniter\CodeIgniter->runController(Object(App\Controllers\UserController))
11 SYSTEMPATH\CodeIgniter.php(366): CodeIgniter\CodeIgniter->handleRequest(null, Object(Config\Cache), false)
12 FCPATH\index.php(67): CodeIgniter\CodeIgniter->run()
13 SYSTEMPATH\Commands\Server\rewrite.php(47): require_once('E:\\Data D\\Ngamen\\submission\\public\\index.php')
CRITICAL - 2023-07-18 05:15:12 --> syntax error, unexpected variable "$data"
in APPPATH\Controllers\UserController.php on line 60.
 1 SYSTEMPATH\Autoloader\Autoloader.php(289): CodeIgniter\Autoloader\Autoloader->includeFile('E:\\Data D\\Ngamen\\submission\\app\\Controllers\\UserController.php')
 2 SYSTEMPATH\Autoloader\Autoloader.php(267): CodeIgniter\Autoloader\Autoloader->loadInNamespace('App\\Controllers\\UserController')
 3 [internal function]: CodeIgniter\Autoloader\Autoloader->loadClass('App\\Controllers\\UserController')
 4 SYSTEMPATH\CodeIgniter.php(890): class_exists('\\App\\Controllers\\UserController', true)
 5 SYSTEMPATH\CodeIgniter.php(484): CodeIgniter\CodeIgniter->startController()
 6 SYSTEMPATH\CodeIgniter.php(366): CodeIgniter\CodeIgniter->handleRequest(null, Object(Config\Cache), false)
 7 FCPATH\index.php(67): CodeIgniter\CodeIgniter->run()
 8 SYSTEMPATH\Commands\Server\rewrite.php(47): require_once('E:\\Data D\\Ngamen\\submission\\public\\index.php')
ERROR - 2023-07-18 05:16:27 --> mysqli_sql_exception: Unknown column 'updated_at' in 'field list' in E:\Data D\Ngamen\submission\system\Database\MySQLi\Connection.php:295
Stack trace:
#0 E:\Data D\Ngamen\submission\system\Database\MySQLi\Connection.php(295): mysqli->query('INSERT INTO `us...', 0)
#1 E:\Data D\Ngamen\submission\system\Database\BaseConnection.php(692): CodeIgniter\Database\MySQLi\Connection->execute('INSERT INTO `us...')
#2 E:\Data D\Ngamen\submission\system\Database\BaseConnection.php(606): CodeIgniter\Database\BaseConnection->simpleQuery('INSERT INTO `us...')
#3 E:\Data D\Ngamen\submission\system\Database\BaseBuilder.php(2309): CodeIgniter\Database\BaseConnection->query('INSERT INTO `us...', Array, false)
#4 E:\Data D\Ngamen\submission\system\Model.php(330): CodeIgniter\Database\BaseBuilder->insert()
#5 E:\Data D\Ngamen\submission\system\BaseModel.php(782): CodeIgniter\Model->doInsert(Array)
#6 E:\Data D\Ngamen\submission\system\Model.php(730): CodeIgniter\BaseModel->insert(Array, true)
#7 E:\Data D\Ngamen\submission\app\Controllers\UserController.php(68): CodeIgniter\Model->insert(Array)
#8 E:\Data D\Ngamen\submission\system\CodeIgniter.php(932): App\Controllers\UserController->save()
#9 E:\Data D\Ngamen\submission\system\CodeIgniter.php(497): CodeIgniter\CodeIgniter->runController(Object(App\Controllers\UserController))
#10 E:\Data D\Ngamen\submission\system\CodeIgniter.php(366): CodeIgniter\CodeIgniter->handleRequest(NULL, Object(Config\Cache), false)
#11 E:\Data D\Ngamen\submission\public\index.php(67): CodeIgniter\CodeIgniter->run()
#12 E:\Data D\Ngamen\submission\system\Commands\Server\rewrite.php(47): require_once('E:\\Data D\\Ngame...')
#13 {main}
CRITICAL - 2023-07-18 05:16:27 --> Unknown column 'updated_at' in 'field list'
in SYSTEMPATH\Database\MySQLi\Connection.php on line 295.
 1 SYSTEMPATH\Database\MySQLi\Connection.php(295): mysqli->query('INSERT INTO `users` (`name`, `age`, `city`, `created_at`, `updated_at`) VALUES (\'SDSD\', \'25\', \'BANDA ACEH\', \'2023-07-18 05:16:27\', \'2023-07-18 05:16:27\')', 0)
 2 SYSTEMPATH\Database\BaseConnection.php(692): CodeIgniter\Database\MySQLi\Connection->execute('INSERT INTO `users` (`name`, `age`, `city`, `created_at`, `updated_at`) VALUES (\'SDSD\', \'25\', \'BANDA ACEH\', \'2023-07-18 05:16:27\', \'2023-07-18 05:16:27\')')
 3 SYSTEMPATH\Database\BaseConnection.php(606): CodeIgniter\Database\BaseConnection->simpleQuery('INSERT INTO `users` (`name`, `age`, `city`, `created_at`, `updated_at`) VALUES (\'SDSD\', \'25\', \'BANDA ACEH\', \'2023-07-18 05:16:27\', \'2023-07-18 05:16:27\')')
 4 SYSTEMPATH\Database\BaseBuilder.php(2309): CodeIgniter\Database\BaseConnection->query('INSERT INTO `users` (`name`, `age`, `city`, `created_at`, `updated_at`) VALUES (:name:, :age:, :city:, :created_at:, :updated_at:)', [...], false)
 5 SYSTEMPATH\Model.php(330): CodeIgniter\Database\BaseBuilder->insert()
 6 SYSTEMPATH\BaseModel.php(782): CodeIgniter\Model->doInsert([...])
 7 SYSTEMPATH\Model.php(730): CodeIgniter\BaseModel->insert([...], true)
 8 APPPATH\Controllers\UserController.php(68): CodeIgniter\Model->insert([...])
 9 SYSTEMPATH\CodeIgniter.php(932): App\Controllers\UserController->save()
10 SYSTEMPATH\CodeIgniter.php(497): CodeIgniter\CodeIgniter->runController(Object(App\Controllers\UserController))
11 SYSTEMPATH\CodeIgniter.php(366): CodeIgniter\CodeIgniter->handleRequest(null, Object(Config\Cache), false)
12 FCPATH\index.php(67): CodeIgniter\CodeIgniter->run()
13 SYSTEMPATH\Commands\Server\rewrite.php(47): require_once('E:\\Data D\\Ngamen\\submission\\public\\index.php')
CRITICAL - 2023-07-18 05:23:12 --> Undefined array key 0
in APPPATH\Helpers\core_helper.php on line 58.
 1 APPPATH\Helpers\core_helper.php(58): CodeIgniter\Debug\Exceptions->errorHandler(2, 'Undefined array key 0', 'E:\\Data D\\Ngamen\\submission\\app\\Helpers\\core_helper.php', 58)
 2 APPPATH\Controllers\UserController.php(64): fetchUmur('sdf')
 3 SYSTEMPATH\CodeIgniter.php(932): App\Controllers\UserController->save()
 4 SYSTEMPATH\CodeIgniter.php(497): CodeIgniter\CodeIgniter->runController(Object(App\Controllers\UserController))
 5 SYSTEMPATH\CodeIgniter.php(366): CodeIgniter\CodeIgniter->handleRequest(null, Object(Config\Cache), false)
 6 FCPATH\index.php(67): CodeIgniter\CodeIgniter->run()
 7 SYSTEMPATH\Commands\Server\rewrite.php(47): require_once('E:\\Data D\\Ngamen\\submission\\public\\index.php')
CRITICAL - 2023-07-18 05:25:36 --> Undefined array key 1
in APPPATH\Controllers\UserController.php on line 62.
 1 APPPATH\Controllers\UserController.php(62): CodeIgniter\Debug\Exceptions->errorHandler(2, 'Undefined array key 1', 'E:\\Data D\\Ngamen\\submission\\app\\Controllers\\UserController.php', 62)
 2 SYSTEMPATH\CodeIgniter.php(932): App\Controllers\UserController->save()
 3 SYSTEMPATH\CodeIgniter.php(497): CodeIgniter\CodeIgniter->runController(Object(App\Controllers\UserController))
 4 SYSTEMPATH\CodeIgniter.php(366): CodeIgniter\CodeIgniter->handleRequest(null, Object(Config\Cache), false)
 5 FCPATH\index.php(67): CodeIgniter\CodeIgniter->run()
 6 SYSTEMPATH\Commands\Server\rewrite.php(47): require_once('E:\\Data D\\Ngamen\\submission\\public\\index.php')
CRITICAL - 2023-07-18 05:25:40 --> Undefined array key 1
in APPPATH\Controllers\UserController.php on line 62.
 1 APPPATH\Controllers\UserController.php(62): CodeIgniter\Debug\Exceptions->errorHandler(2, 'Undefined array key 1', 'E:\\Data D\\Ngamen\\submission\\app\\Controllers\\UserController.php', 62)
 2 SYSTEMPATH\CodeIgniter.php(932): App\Controllers\UserController->save()
 3 SYSTEMPATH\CodeIgniter.php(497): CodeIgniter\CodeIgniter->runController(Object(App\Controllers\UserController))
 4 SYSTEMPATH\CodeIgniter.php(366): CodeIgniter\CodeIgniter->handleRequest(null, Object(Config\Cache), false)
 5 FCPATH\index.php(67): CodeIgniter\CodeIgniter->run()
 6 SYSTEMPATH\Commands\Server\rewrite.php(47): require_once('E:\\Data D\\Ngamen\\submission\\public\\index.php')
CRITICAL - 2023-07-18 06:05:51 --> Call to a member function insert() on null
in APPPATH\Controllers\UserController.php on line 79.
 1 SYSTEMPATH\CodeIgniter.php(932): App\Controllers\UserController->save()
 2 SYSTEMPATH\CodeIgniter.php(497): CodeIgniter\CodeIgniter->runController(Object(App\Controllers\UserController))
 3 SYSTEMPATH\CodeIgniter.php(366): CodeIgniter\CodeIgniter->handleRequest(null, Object(Config\Cache), false)
 4 FCPATH\index.php(67): CodeIgniter\CodeIgniter->run()
 5 SYSTEMPATH\Commands\Server\rewrite.php(47): require_once('E:\\Data D\\Ngamen\\skill-test-msib-fswd-arkatama\\public\\index.php')
CRITICAL - 2023-07-18 06:06:19 --> Call to a member function insert() on null
in APPPATH\Controllers\UserController.php on line 79.
 1 SYSTEMPATH\CodeIgniter.php(932): App\Controllers\UserController->save()
 2 SYSTEMPATH\CodeIgniter.php(497): CodeIgniter\CodeIgniter->runController(Object(App\Controllers\UserController))
 3 SYSTEMPATH\CodeIgniter.php(366): CodeIgniter\CodeIgniter->handleRequest(null, Object(Config\Cache), false)
 4 FCPATH\index.php(67): CodeIgniter\CodeIgniter->run()
 5 SYSTEMPATH\Commands\Server\rewrite.php(47): require_once('E:\\Data D\\Ngamen\\skill-test-msib-fswd-arkatama\\public\\index.php')
